<?xml version="1.0" encoding="UTF-8"?>
<testsuite name="task.Tests" tests="2" skipped="0" failures="0" errors="0" timestamp="2022-02-26T15:02:54" hostname="USER-PC" time="0.029">
  <properties/>
  <testcase name="testListContainsAllEntries" classname="task.Tests" time="0.013"/>
  <testcase name="testEmptyMap" classname="task.Tests" time="0.016"/>
  <system-out><![CDATA[]]></system-out>
  <system-err><![CDATA[]]></system-err>
</testsuite>
